08:37:15.795 INFO  /Task2Screenshots successfully created 
08:37:22.117 INFO  ./Task2Screenshots/Start.png successfully created 
08:37:22.176 INFO  Favorite Dish is Cake 
08:37:23.561 INFO  Rain love? Y 
08:37:24.768 INFO  Birthday: 07/02/1969 
08:37:26.296 INFO  Email: Kaleigh.Rath18@gmail.com 
08:37:30.834 INFO  ./Task2Screenshots/Result.png successfully created 
08:37:31.180 INFO  The script is executed with no errors 
17:39:35.223 INFO  /Task2Screenshots successfully created 
17:39:41.085 INFO  ./Task2Screenshots/Start.png successfully created 
17:39:41.143 INFO  Favorite Dish is Fish 
17:39:42.474 INFO  Rain love? Y 
17:39:43.699 INFO  Birthday: 09/02/2010 
17:39:45.195 INFO  Email: Merlin.Homenick75@yahoo.com 
17:39:49.841 INFO  ./Task2Screenshots/Result.png successfully created 
17:39:50.121 INFO  The script is executed with no errors 
18:12:20.984 INFO  /Task2Screenshots successfully created 
18:12:27.020 INFO  ./Task2Screenshots/Start.png successfully created 
18:12:27.081 INFO  Favorite Dish is Cake 
18:12:28.437 INFO  Rain love? Y 
18:12:29.661 INFO  Birthday: 07/26/1960 
18:12:31.182 INFO  Email: Francesca3@yahoo.com 
18:12:35.526 INFO  ./Task2Screenshots/Result.png successfully created 
18:12:35.757 INFO  The script is executed with no errors 
18:13:41.646 INFO  /Task2Screenshots successfully created 
